[2026-03-05T13:21:04.486Z] ERROR: Failed to start server: [{"name":"SequelizeConnectionRefusedError","parent":{"errno":-111,"code":"ECONNREFUSED","syscall":"connect","address":"127.0.0.1","port":3306,"fatal":true},"original":{"errno":-111,"code":"ECONNREFUSED","syscall":"connect","address":"127.0.0.1","port":3306,"fatal":true}}]
[2026-03-05T13:36:24.931Z] INFO: Database connection established successfully 
[2026-03-05T13:36:24.960Z] INFO: Server running on http://0.0.0.0:5000 
[2026-03-05T13:36:24.960Z] INFO: Environment: production 
[2026-03-05T13:36:24.961Z] INFO: API endpoint: http://0.0.0.0:5000/api/v1 
[2026-03-05T13:39:19.846Z] INFO: Database connection established successfully 
[2026-03-05T13:39:19.868Z] INFO: Server running on http://0.0.0.0:5000 
[2026-03-05T13:39:19.868Z] INFO: Environment: production 
[2026-03-05T13:39:19.868Z] INFO: API endpoint: http://0.0.0.0:5000/api/v1 
[2026-03-05T13:40:35.480Z] INFO: Database connection established successfully 
[2026-03-05T13:40:35.502Z] INFO: Server running on http://0.0.0.0:5000 
[2026-03-05T13:40:35.502Z] INFO: Environment: production 
[2026-03-05T13:40:35.503Z] INFO: API endpoint: http://0.0.0.0:5000/api/v1 
[2026-03-05T15:05:18.755Z] INFO: Database connection established successfully 
[2026-03-05T15:05:18.770Z] INFO: Server running on http://0.0.0.0:5000 
[2026-03-05T15:05:18.770Z] INFO: Environment: production 
[2026-03-05T15:05:18.770Z] INFO: API endpoint: http://0.0.0.0:5000/api/v1 
[2026-03-05T15:08:08.050Z] INFO: Database connection established successfully 
[2026-03-05T15:08:08.156Z] INFO: Database models synchronized 
[2026-03-05T15:08:08.176Z] INFO: Server running on http://0.0.0.0:5000 
[2026-03-05T15:08:08.176Z] INFO: Environment: production 
[2026-03-05T15:08:08.176Z] INFO: API endpoint: http://0.0.0.0:5000/api/v1 
[2026-03-05T15:28:52.609Z] INFO: Database connection established successfully 
[2026-03-05T15:28:58.073Z] INFO: Database models synchronized 
[2026-03-05T15:28:58.094Z] INFO: Server running on http://0.0.0.0:5000 
[2026-03-05T15:28:58.095Z] INFO: Environment: production 
[2026-03-05T15:28:58.095Z] INFO: API endpoint: http://0.0.0.0:5000/api/v1 
[2026-03-05T15:49:13.826Z] INFO: Database connection established successfully 
[2026-03-05T15:49:15.478Z] INFO: Database models synchronized 
[2026-03-05T15:49:15.488Z] INFO: Server running on http://0.0.0.0:5000 
[2026-03-05T15:49:15.488Z] INFO: Environment: production 
[2026-03-05T15:49:15.488Z] INFO: API endpoint: http://0.0.0.0:5000/api/v1 
[2026-03-05T15:53:35.004Z] INFO: Database connection established successfully 
[2026-03-05T15:53:35.049Z] ERROR: Failed to start server: [{"name":"SequelizeForeignKeyConstraintError","parent":{"errno":19,"code":"SQLITE_CONSTRAINT","sql":"DROP TABLE `users`;"},"original":{"errno":19,"code":"SQLITE_CONSTRAINT","sql":"DROP TABLE `users`;"},"sql":"DROP TABLE `users`;","parameters":{}}]
[2026-03-05T15:53:51.260Z] INFO: Database connection established successfully 
[2026-03-05T15:53:51.276Z] ERROR: Failed to start server: [{"name":"SequelizeUniqueConstraintError","errors":[{"message":"id must be unique","type":"unique violation","path":"id","value":null,"origin":"DB","instance":null,"validatorKey":"not_unique","validatorName":null,"validatorArgs":[]}],"parent":{"errno":19,"code":"SQLITE_CONSTRAINT","sql":"INSERT INTO `users_backup` SELECT `id`, `organisation_id`, `name`, `role`, `email`, `password_hash`, `created_at`, `updated_at` FROM `users`;"},"original":{"errno":19,"code":"SQLITE_CONSTRAINT","sql":"INSERT INTO `users_backup` SELECT `id`, `organisation_id`, `name`, `role`, `email`, `password_hash`, `created_at`, `updated_at` FROM `users`;"},"fields":["id"],"sql":"INSERT INTO `users_backup` SELECT `id`, `organisation_id`, `name`, `role`, `email`, `password_hash`, `created_at`, `updated_at` FROM `users`;"}]
[2026-03-05T15:55:34.384Z] INFO: Database connection established successfully 
[2026-03-05T15:55:34.511Z] INFO: Database models synchronized 
[2026-03-05T15:55:34.520Z] INFO: Server running on http://0.0.0.0:5000 
[2026-03-05T15:55:34.521Z] INFO: Environment: production 
[2026-03-05T15:55:34.521Z] INFO: API endpoint: http://0.0.0.0:5000/api/v1 
[2026-03-05T16:05:21.161Z] INFO: Database connection established successfully 
[2026-03-05T16:05:22.767Z] INFO: Database models synchronized 
[2026-03-05T16:05:22.776Z] INFO: Server running on http://0.0.0.0:5000 
[2026-03-05T16:05:22.777Z] INFO: Environment: production 
[2026-03-05T16:05:22.777Z] INFO: API endpoint: http://0.0.0.0:5000/api/v1 
[2026-03-05T16:10:59.282Z] INFO: Database connection established successfully 
[2026-03-05T16:10:59.318Z] ERROR: Failed to start server: [{"name":"SequelizeForeignKeyConstraintError","parent":{"errno":19,"code":"SQLITE_CONSTRAINT","sql":"DROP TABLE `users`;"},"original":{"errno":19,"code":"SQLITE_CONSTRAINT","sql":"DROP TABLE `users`;"},"sql":"DROP TABLE `users`;","parameters":{}}]
[2026-03-05T16:12:04.735Z] INFO: Database connection established successfully 
[2026-03-05T16:12:04.818Z] INFO: Database models synchronized 
[2026-03-05T16:12:04.828Z] INFO: Server running on http://0.0.0.0:5000 
[2026-03-05T16:12:04.828Z] INFO: Environment: production 
[2026-03-05T16:12:04.828Z] INFO: API endpoint: http://0.0.0.0:5000/api/v1 
[2026-03-05T16:21:59.322Z] INFO: Database connection established successfully 
[2026-03-05T16:22:00.927Z] INFO: Database models synchronized 
[2026-03-05T16:22:00.938Z] INFO: Server running on http://0.0.0.0:5000 
[2026-03-05T16:22:00.938Z] INFO: Environment: production 
[2026-03-05T16:22:00.938Z] INFO: API endpoint: http://0.0.0.0:5000/api/v1 
[2026-03-05T16:25:46.939Z] INFO: Database connection established successfully 
[2026-03-05T16:25:46.973Z] ERROR: Failed to start server: [{"name":"SequelizeForeignKeyConstraintError","parent":{"errno":19,"code":"SQLITE_CONSTRAINT","sql":"DROP TABLE `users`;"},"original":{"errno":19,"code":"SQLITE_CONSTRAINT","sql":"DROP TABLE `users`;"},"sql":"DROP TABLE `users`;","parameters":{}}]
[2026-03-05T16:28:04.818Z] INFO: Database connection established successfully 
[2026-03-05T16:28:05.033Z] INFO: Database models synchronized 
[2026-03-05T16:28:05.061Z] INFO: Server running on http://0.0.0.0:5000 
[2026-03-05T16:28:05.061Z] INFO: Environment: production 
[2026-03-05T16:28:05.061Z] INFO: API endpoint: http://0.0.0.0:5000/api/v1 
[2026-03-06T02:57:10.986Z] INFO: Database connection established successfully 
[2026-03-06T02:57:16.950Z] INFO: Database models synchronized 
[2026-03-06T02:57:16.970Z] INFO: Server running on http://0.0.0.0:5000 
[2026-03-06T02:57:16.970Z] INFO: Environment: production 
[2026-03-06T02:57:16.971Z] INFO: API endpoint: http://0.0.0.0:5000/api/v1 
[2026-03-06T03:02:25.734Z] INFO: Database connection established successfully 
[2026-03-06T03:02:29.352Z] INFO: Database models synchronized 
[2026-03-06T03:02:29.375Z] INFO: Server running on http://0.0.0.0:5000 
[2026-03-06T03:02:29.376Z] INFO: Environment: production 
[2026-03-06T03:02:29.377Z] INFO: API endpoint: http://0.0.0.0:5000/api/v1 
[2026-03-06T03:16:17.683Z] INFO: Database connection established successfully 
[2026-03-06T03:16:17.755Z] ERROR: Failed to start server: [{"name":"SequelizeForeignKeyConstraintError","parent":{"errno":19,"code":"SQLITE_CONSTRAINT","sql":"DROP TABLE `users`;"},"original":{"errno":19,"code":"SQLITE_CONSTRAINT","sql":"DROP TABLE `users`;"},"sql":"DROP TABLE `users`;","parameters":{}}]
[2026-03-06T03:19:11.765Z] INFO: Database connection established successfully 
[2026-03-06T03:19:12.153Z] INFO: Database models synchronized 
[2026-03-06T03:19:12.184Z] INFO: Server running on http://0.0.0.0:5000 
[2026-03-06T03:19:12.185Z] INFO: Environment: production 
[2026-03-06T03:19:12.185Z] INFO: API endpoint: http://0.0.0.0:5000/api/v1 
[2026-03-06T03:24:37.329Z] INFO: Database connection established successfully 
[2026-03-06T03:24:41.263Z] INFO: Database models synchronized 
[2026-03-06T03:24:41.285Z] INFO: Server running on http://0.0.0.0:5000 
[2026-03-06T03:24:41.286Z] INFO: Environment: production 
[2026-03-06T03:24:41.286Z] INFO: API endpoint: http://0.0.0.0:5000/api/v1 
[2026-03-06T07:25:41.915Z] INFO: Database connection established successfully 
[2026-03-06T07:25:45.801Z] INFO: Database models synchronized 
[2026-03-06T07:25:45.823Z] INFO: Server running on http://0.0.0.0:5000 
[2026-03-06T07:25:45.824Z] INFO: Environment: production 
[2026-03-06T07:25:45.824Z] INFO: API endpoint: http://0.0.0.0:5000/api/v1 
[2026-03-06T07:26:55.785Z] INFO: Database connection established successfully 
[2026-03-06T07:26:59.702Z] INFO: Database models synchronized 
[2026-03-06T07:26:59.722Z] INFO: Server running on http://0.0.0.0:5000 
[2026-03-06T07:26:59.723Z] INFO: Environment: production 
[2026-03-06T07:26:59.723Z] INFO: API endpoint: http://0.0.0.0:5000/api/v1 
[2026-03-06T07:34:37.351Z] INFO: Database connection established successfully 
[2026-03-06T07:34:41.276Z] INFO: Database models synchronized 
[2026-03-06T07:34:41.305Z] INFO: Server running on http://localhost:5000 
[2026-03-06T07:34:41.305Z] INFO: Environment: production 
[2026-03-06T07:34:41.306Z] INFO: API endpoint: http://localhost:5000/api/v1 
[2026-03-06T07:38:48.294Z] INFO: Database connection established successfully 
[2026-03-06T07:38:52.206Z] INFO: Database models synchronized 
[2026-03-06T07:38:52.217Z] INFO: Server running on http://localhost:5000 
[2026-03-06T07:38:52.218Z] INFO: Environment: production 
[2026-03-06T07:38:52.220Z] INFO: API endpoint: http://localhost:5000/api/v1 
[2026-03-06T07:55:06.839Z] INFO: Database connection established successfully 
[2026-03-06T07:55:10.830Z] INFO: Database models synchronized 
[2026-03-06T07:55:10.837Z] INFO: Server running on http://localhost:5000 
[2026-03-06T07:55:10.838Z] INFO: Environment: production 
[2026-03-06T07:55:10.838Z] INFO: API endpoint: http://localhost:5000/api/v1 
[2026-03-06T08:17:56.732Z] INFO: Database connection established successfully 
[2026-03-06T08:17:56.796Z] ERROR: Failed to start server: [{"name":"SequelizeForeignKeyConstraintError","parent":{"errno":19,"code":"SQLITE_CONSTRAINT","sql":"DROP TABLE `users`;"},"original":{"errno":19,"code":"SQLITE_CONSTRAINT","sql":"DROP TABLE `users`;"},"sql":"DROP TABLE `users`;","parameters":{}}]
[2026-03-06T08:19:59.354Z] INFO: Database connection established successfully 
[2026-03-06T08:19:59.512Z] INFO: Database models synchronized 
[2026-03-06T08:19:59.520Z] INFO: Server running on http://localhost:5000 
[2026-03-06T08:19:59.520Z] INFO: Environment: production 
[2026-03-06T08:19:59.521Z] INFO: API endpoint: http://localhost:5000/api/v1 
[2026-03-06T08:23:01.739Z] INFO: Database connection established successfully 
[2026-03-06T08:23:05.770Z] INFO: Database models synchronized 
[2026-03-06T08:23:05.780Z] INFO: Server running on http://localhost:5000 
[2026-03-06T08:23:05.780Z] INFO: Environment: production 
[2026-03-06T08:23:05.782Z] INFO: API endpoint: http://localhost:5000/api/v1 
[2026-03-06T08:23:21.905Z] INFO: Database connection established successfully 
[2026-03-06T08:23:21.979Z] ERROR: Failed to start server: [{"name":"SequelizeForeignKeyConstraintError","parent":{"errno":19,"code":"SQLITE_CONSTRAINT","sql":"DROP TABLE `users`;"},"original":{"errno":19,"code":"SQLITE_CONSTRAINT","sql":"DROP TABLE `users`;"},"sql":"DROP TABLE `users`;","parameters":{}}]
[2026-03-06T08:24:08.396Z] INFO: Database connection established successfully 
[2026-03-06T08:24:08.562Z] INFO: Database models synchronized 
[2026-03-06T08:24:08.570Z] INFO: Server running on http://localhost:5000 
[2026-03-06T08:24:08.571Z] INFO: Environment: production 
[2026-03-06T08:24:08.571Z] INFO: API endpoint: http://localhost:5000/api/v1 
[2026-03-06T08:24:31.205Z] INFO: Database connection established successfully 
[2026-03-06T08:24:35.276Z] INFO: Database models synchronized 
[2026-03-06T08:24:35.287Z] INFO: Server running on http://localhost:5000 
[2026-03-06T08:24:35.288Z] INFO: Environment: production 
[2026-03-06T08:24:35.289Z] INFO: API endpoint: http://localhost:5000/api/v1 
[2026-03-06T08:46:28.077Z] INFO: Database connection established successfully 
[2026-03-06T08:46:28.138Z] ERROR: Failed to start server: [{"name":"SequelizeForeignKeyConstraintError","parent":{"errno":19,"code":"SQLITE_CONSTRAINT","sql":"DROP TABLE `users`;"},"original":{"errno":19,"code":"SQLITE_CONSTRAINT","sql":"DROP TABLE `users`;"},"sql":"DROP TABLE `users`;","parameters":{}}]
[2026-03-06T08:46:56.403Z] INFO: Database connection established successfully 
[2026-03-06T08:46:56.594Z] INFO: Database models synchronized 
[2026-03-06T08:46:56.601Z] INFO: Server running on http://localhost:5000 
[2026-03-06T08:46:56.602Z] INFO: Environment: production 
[2026-03-06T08:46:56.602Z] INFO: API endpoint: http://localhost:5000/api/v1 
[2026-03-06T09:02:03.239Z] INFO: Database connection established successfully 
[2026-03-06T09:02:08.045Z] INFO: Database models synchronized 
[2026-03-06T09:02:08.051Z] INFO: Server running on http://localhost:5000 
[2026-03-06T09:02:08.052Z] INFO: Environment: production 
[2026-03-06T09:02:08.052Z] INFO: API endpoint: http://localhost:5000/api/v1 
[2026-03-06T09:15:01.893Z] INFO: Database connection established successfully 
[2026-03-06T09:15:01.962Z] ERROR: Failed to start server: [{"name":"SequelizeForeignKeyConstraintError","parent":{"errno":19,"code":"SQLITE_CONSTRAINT","sql":"DROP TABLE `users`;"},"original":{"errno":19,"code":"SQLITE_CONSTRAINT","sql":"DROP TABLE `users`;"},"sql":"DROP TABLE `users`;","parameters":{}}]
[2026-03-06T09:15:32.309Z] INFO: Database connection established successfully 
[2026-03-06T09:15:32.481Z] INFO: Database models synchronized 
[2026-03-06T09:15:32.488Z] INFO: Server running on http://localhost:5000 
[2026-03-06T09:15:32.489Z] INFO: Environment: production 
[2026-03-06T09:15:32.489Z] INFO: API endpoint: http://localhost:5000/api/v1 
[2026-03-06T09:27:25.084Z] INFO: Database connection established successfully 
[2026-03-06T09:27:29.917Z] INFO: Database models synchronized 
[2026-03-06T09:27:29.922Z] INFO: Server running on http://localhost:5000 
[2026-03-06T09:27:29.923Z] INFO: Environment: production 
[2026-03-06T09:27:29.923Z] INFO: API endpoint: http://localhost:5000/api/v1 
[2026-03-06T09:37:11.282Z] INFO: Database connection established successfully 
[2026-03-06T09:37:11.375Z] ERROR: Failed to start server: [{"name":"SequelizeForeignKeyConstraintError","parent":{"errno":19,"code":"SQLITE_CONSTRAINT","sql":"DROP TABLE `users`;"},"original":{"errno":19,"code":"SQLITE_CONSTRAINT","sql":"DROP TABLE `users`;"},"sql":"DROP TABLE `users`;","parameters":{}}]
[2026-03-06T09:38:22.274Z] INFO: Database connection established successfully 
[2026-03-06T09:38:22.483Z] INFO: Database models synchronized 
[2026-03-06T09:38:22.494Z] INFO: Server running on http://localhost:5000 
[2026-03-06T09:38:22.495Z] INFO: Environment: production 
[2026-03-06T09:38:22.495Z] INFO: API endpoint: http://localhost:5000/api/v1 
[2026-03-06T09:49:28.490Z] INFO: Database connection established successfully 
[2026-03-06T09:49:33.046Z] INFO: Database models synchronized 
[2026-03-06T09:49:33.052Z] INFO: Server running on http://localhost:5000 
[2026-03-06T09:49:33.052Z] INFO: Environment: production 
[2026-03-06T09:49:33.053Z] INFO: API endpoint: http://localhost:5000/api/v1 
[2026-03-06T09:58:43.212Z] INFO: Database connection established successfully 
[2026-03-06T09:58:43.295Z] ERROR: Failed to start server: [{"name":"SequelizeForeignKeyConstraintError","parent":{"errno":19,"code":"SQLITE_CONSTRAINT","sql":"DROP TABLE `users`;"},"original":{"errno":19,"code":"SQLITE_CONSTRAINT","sql":"DROP TABLE `users`;"},"sql":"DROP TABLE `users`;","parameters":{}}]
[2026-03-06T09:58:57.078Z] INFO: Database connection established successfully 
[2026-03-06T09:58:57.244Z] INFO: Database models synchronized 
[2026-03-06T09:58:57.252Z] INFO: Server running on http://localhost:5000 
[2026-03-06T09:58:57.253Z] INFO: Environment: production 
[2026-03-06T09:58:57.253Z] INFO: API endpoint: http://localhost:5000/api/v1 
[2026-03-06T10:44:30.055Z] INFO: Database connection established successfully 
[2026-03-06T10:44:31.799Z] INFO: Database models synchronized 
[2026-03-06T10:44:31.802Z] INFO: Server running on http://localhost:5000 
[2026-03-06T10:44:31.803Z] INFO: Environment: production 
[2026-03-06T10:44:31.803Z] INFO: API endpoint: http://localhost:5000/api/v1 
[2026-03-06T10:48:41.966Z] INFO: Database connection established successfully 
[2026-03-06T10:48:41.998Z] ERROR: Failed to start server: [{"name":"SequelizeForeignKeyConstraintError","parent":{"errno":19,"code":"SQLITE_CONSTRAINT","sql":"DROP TABLE `users`;"},"original":{"errno":19,"code":"SQLITE_CONSTRAINT","sql":"DROP TABLE `users`;"},"sql":"DROP TABLE `users`;","parameters":{}}]
[2026-03-06T10:49:01.194Z] INFO: Database connection established successfully 
[2026-03-06T10:49:01.307Z] INFO: Database models synchronized 
[2026-03-06T10:49:01.310Z] INFO: Server running on http://localhost:5000 
[2026-03-06T10:49:01.310Z] INFO: Environment: production 
[2026-03-06T10:49:01.310Z] INFO: API endpoint: http://localhost:5000/api/v1 
[2026-03-06T10:56:56.978Z] INFO: Database connection established successfully 
[2026-03-06T10:57:00.917Z] INFO: Database models synchronized 
[2026-03-06T10:57:00.920Z] INFO: Server running on http://localhost:5000 
[2026-03-06T10:57:00.920Z] INFO: Environment: production 
[2026-03-06T10:57:00.920Z] INFO: API endpoint: http://localhost:5000/api/v1 
[2026-03-06T11:21:15.770Z] INFO: Database connection established successfully 
[2026-03-06T11:21:15.863Z] ERROR: Failed to start server: [{"name":"SequelizeForeignKeyConstraintError","parent":{"errno":19,"code":"SQLITE_CONSTRAINT","sql":"DROP TABLE `users`;"},"original":{"errno":19,"code":"SQLITE_CONSTRAINT","sql":"DROP TABLE `users`;"},"sql":"DROP TABLE `users`;","parameters":{}}]
[2026-03-06T11:21:32.318Z] INFO: Database connection established successfully 
[2026-03-06T11:21:32.459Z] INFO: Database models synchronized 
[2026-03-06T11:21:32.462Z] INFO: Server running on http://localhost:5000 
[2026-03-06T11:21:32.462Z] INFO: Environment: production 
[2026-03-06T11:21:32.462Z] INFO: API endpoint: http://localhost:5000/api/v1 
[2026-03-06T11:32:14.468Z] INFO: Database connection established successfully 
[2026-03-06T11:32:16.491Z] INFO: Database models synchronized 
[2026-03-06T11:32:16.494Z] INFO: Server running on http://localhost:5000 
[2026-03-06T11:32:16.494Z] INFO: Environment: production 
[2026-03-06T11:32:16.494Z] INFO: API endpoint: http://localhost:5000/api/v1 
[2026-03-06T14:09:11.386Z] ERROR: Failed to start server: [{"name":"SequelizeAccessDeniedError","parent":{"code":"ER_ACCESS_DENIED_ERROR","errno":1045,"sqlState":"28000","sqlMessage":"Access denied for user 'avnadmin'@'157.35.106.13' (using password: YES)"},"original":{"code":"ER_ACCESS_DENIED_ERROR","errno":1045,"sqlState":"28000","sqlMessage":"Access denied for user 'avnadmin'@'157.35.106.13' (using password: YES)"}}]
[2026-03-06T14:11:53.633Z] ERROR: Failed to start server: [{"name":"SequelizeAccessDeniedError","parent":{"code":"ER_ACCESS_DENIED_ERROR","errno":1045,"sqlState":"28000","sqlMessage":"Access denied for user 'avnadmin'@'157.35.106.13' (using password: YES)"},"original":{"code":"ER_ACCESS_DENIED_ERROR","errno":1045,"sqlState":"28000","sqlMessage":"Access denied for user 'avnadmin'@'157.35.106.13' (using password: YES)"}}]
[2026-03-06T14:13:56.431Z] INFO: Database connection established successfully 
[2026-03-06T14:13:58.393Z] INFO: Database models synchronized 
[2026-03-06T14:13:58.419Z] INFO: Server running on http://localhost:5000 
[2026-03-06T14:13:58.420Z] INFO: Environment: production 
[2026-03-06T14:13:58.421Z] INFO: API endpoint: http://localhost:5000/api/v1 
[2026-03-06T14:45:20.050Z] INFO: Database connection established successfully 
[2026-03-06T14:45:26.268Z] INFO: Database models synchronized 
[2026-03-06T14:45:26.280Z] INFO: Server running on http://localhost:5000 
[2026-03-06T14:45:26.281Z] INFO: Environment: production 
[2026-03-06T14:45:26.282Z] INFO: API endpoint: http://localhost:5000/api/v1 
[2026-03-06T14:53:39.585Z] INFO: Database connection established successfully 
[2026-03-06T14:53:45.059Z] INFO: Database models synchronized 
[2026-03-06T14:53:45.062Z] INFO: Server running on http://localhost:5000 
[2026-03-06T14:53:45.063Z] INFO: Environment: production 
[2026-03-06T14:53:45.063Z] INFO: API endpoint: http://localhost:5000/api/v1 
[2026-03-06T15:01:45.424Z] INFO: Database connection established successfully 
[2026-03-06T15:01:51.045Z] INFO: Database models synchronized 
[2026-03-06T15:01:51.048Z] INFO: Server running on http://localhost:5000 
[2026-03-06T15:01:51.048Z] INFO: Environment: production 
[2026-03-06T15:01:51.049Z] INFO: API endpoint: http://localhost:5000/api/v1 
[2026-03-06T15:10:13.164Z] INFO: Database connection established successfully 
[2026-03-06T15:10:18.614Z] INFO: Database models synchronized 
[2026-03-06T15:10:18.620Z] INFO: Server running on http://localhost:5000 
[2026-03-06T15:10:18.621Z] INFO: Environment: production 
[2026-03-06T15:10:18.621Z] INFO: API endpoint: http://localhost:5000/api/v1 
[2026-03-06T15:12:42.226Z] INFO: Database connection established successfully 
[2026-03-06T15:12:47.748Z] INFO: Database models synchronized 
[2026-03-06T15:12:47.752Z] INFO: Server running on http://localhost:5000 
[2026-03-06T15:12:47.752Z] INFO: Environment: production 
[2026-03-06T15:12:47.752Z] INFO: API endpoint: http://localhost:5000/api/v1 
[2026-03-06T15:15:23.776Z] INFO: Database connection established successfully 
[2026-03-06T15:15:29.363Z] INFO: Database models synchronized 
[2026-03-06T15:15:29.367Z] INFO: Server running on http://localhost:5000 
[2026-03-06T15:15:29.383Z] INFO: Environment: production 
[2026-03-06T15:15:29.383Z] INFO: API endpoint: http://localhost:5000/api/v1 
[2026-03-06T16:17:52.312Z] INFO: Database connection established successfully 
[2026-03-06T16:17:55.223Z] INFO: SIGTERM received. Closing HTTP server... 
[2026-03-06T16:17:55.237Z] ERROR: Failed to start server: [{}]
[2026-03-06T16:18:19.482Z] INFO: Database connection established successfully 
[2026-03-06T16:18:24.927Z] INFO: Database models synchronized 
[2026-03-06T16:18:24.940Z] INFO: Server running on http://localhost:5000 
[2026-03-06T16:18:24.941Z] INFO: Environment: production 
[2026-03-06T16:18:24.942Z] INFO: API endpoint: http://localhost:5000/api/v1 
[2026-03-06T16:18:37.017Z] INFO: SIGTERM received. Closing HTTP server... 
[2026-03-06T16:18:44.934Z] INFO: Database connection established successfully 
[2026-03-06T16:18:47.266Z] INFO: SIGTERM received. Closing HTTP server... 
[2026-03-06T16:18:47.277Z] ERROR: Failed to start server: [{}]
[2026-03-06T16:19:05.044Z] INFO: Database connection established successfully 
[2026-03-06T16:19:07.779Z] INFO: SIGTERM received. Closing HTTP server... 
[2026-03-06T16:19:07.848Z] ERROR: Failed to start server: [{}]
[2026-03-06T16:29:29.399Z] INFO: Database connection established successfully 
[2026-03-06T16:29:34.617Z] INFO: Database models synchronized 
[2026-03-06T16:29:34.633Z] INFO: Server running on http://localhost:5000 
[2026-03-06T16:29:34.634Z] INFO: Environment: production 
[2026-03-06T16:29:34.635Z] INFO: API endpoint: http://localhost:5000/api/v1 
[2026-03-06T16:35:58.916Z] INFO: Database connection established successfully 
[2026-03-06T16:36:01.212Z] INFO: SIGTERM received. Closing HTTP server... 
[2026-03-06T16:36:01.215Z] INFO: SIGTERM received. Closing HTTP server... 
[2026-03-06T16:36:01.292Z] ERROR: Failed to start server: [{}]
[2026-03-06T16:36:12.794Z] INFO: Database connection established successfully 
[2026-03-06T16:36:18.867Z] INFO: Database models synchronized 
[2026-03-06T16:36:18.873Z] INFO: Server running on http://localhost:5000 
[2026-03-06T16:36:18.874Z] INFO: Environment: production 
[2026-03-06T16:36:18.874Z] INFO: API endpoint: http://localhost:5000/api/v1 
[2026-03-06T16:36:48.492Z] INFO: Database connection established successfully 
[2026-03-06T16:36:51.924Z] INFO: SIGTERM received. Closing HTTP server... 
[2026-03-06T16:36:51.924Z] INFO: SIGTERM received. Closing HTTP server... 
[2026-03-06T16:36:51.980Z] ERROR: Failed to start server: [{}]
[2026-03-06T16:37:32.559Z] INFO: Database connection established successfully 
[2026-03-06T16:37:34.856Z] INFO: SIGTERM received. Closing HTTP server... 
[2026-03-06T16:37:34.908Z] ERROR: Failed to start server: [{}]
[2026-03-06T16:38:00.872Z] INFO: Database connection established successfully 
[2026-03-06T16:38:05.220Z] INFO: SIGTERM received. Closing HTTP server... 
[2026-03-06T16:38:05.233Z] ERROR: Failed to start server: [{}]
[2026-03-06T16:38:14.751Z] INFO: Database connection established successfully 
[2026-03-06T16:38:19.947Z] INFO: Database models synchronized 
[2026-03-06T16:38:19.953Z] INFO: Server running on http://localhost:5000 
[2026-03-06T16:38:19.953Z] INFO: Environment: production 
[2026-03-06T16:38:19.953Z] INFO: API endpoint: http://localhost:5000/api/v1 
[2026-03-06T16:38:22.919Z] INFO: SIGTERM received. Closing HTTP server... 
[2026-03-06T16:38:41.434Z] INFO: Database connection established successfully 
[2026-03-06T16:38:45.702Z] INFO: SIGTERM received. Closing HTTP server... 
[2026-03-06T16:38:45.737Z] ERROR: Failed to start server: [{}]
[2026-03-06T16:39:16.553Z] INFO: Database connection established successfully 
[2026-03-06T16:39:19.793Z] INFO: SIGTERM received. Closing HTTP server... 
[2026-03-06T16:39:19.818Z] ERROR: Failed to start server: [{}]
[2026-03-06T16:40:07.456Z] INFO: Database connection established successfully 
[2026-03-06T16:40:16.794Z] INFO: Database connection established successfully 
[2026-03-06T16:40:21.866Z] INFO: Database models synchronized 
[2026-03-06T16:40:21.874Z] INFO: Server running on http://localhost:5000 
[2026-03-06T16:40:22.504Z] INFO: Environment: production 
[2026-03-06T16:40:22.504Z] INFO: API endpoint: http://localhost:5000/api/v1 
[2026-03-06T16:44:29.853Z] INFO: Database connection established successfully 
[2026-03-06T16:44:35.168Z] INFO: Database models synchronized 
[2026-03-06T16:44:35.178Z] INFO: Server running on http://localhost:5000 
[2026-03-06T16:44:35.179Z] INFO: Environment: production 
[2026-03-06T16:44:35.180Z] INFO: API endpoint: http://localhost:5000/api/v1 
[2026-03-06T16:49:57.862Z] INFO: Database connection established successfully 
[2026-03-06T16:50:04.043Z] INFO: Database models synchronized 
[2026-03-06T16:50:04.057Z] INFO: Server running on http://localhost:5000 
[2026-03-06T16:50:04.058Z] INFO: Environment: production 
[2026-03-06T16:50:04.060Z] INFO: API endpoint: http://localhost:5000/api/v1 
[2026-03-06T16:54:51.140Z] INFO: Database connection established successfully 
[2026-03-06T16:54:56.418Z] INFO: Database models synchronized 
[2026-03-06T16:54:56.432Z] INFO: Server running on http://localhost:5000 
[2026-03-06T16:54:56.433Z] INFO: Environment: production 
[2026-03-06T16:54:56.434Z] INFO: API endpoint: http://localhost:5000/api/v1 
[2026-03-06T17:06:14.951Z] INFO: Database connection established successfully 
[2026-03-06T17:06:20.149Z] INFO: Database models synchronized 
[2026-03-06T17:06:20.165Z] INFO: Server running on http://localhost:5000 
[2026-03-06T17:06:20.166Z] INFO: Environment: production 
[2026-03-06T17:06:20.167Z] INFO: API endpoint: http://localhost:5000/api/v1 
[2026-03-06T17:13:39.321Z] INFO: SIGTERM received. Closing HTTP server... 
[2026-03-06T17:14:59.581Z] INFO: Database connection established successfully 
[2026-03-06T17:15:05.301Z] INFO: Database models synchronized 
[2026-03-06T17:15:05.316Z] INFO: Server running on http://localhost:5000 
[2026-03-06T17:15:05.317Z] INFO: Environment: production 
[2026-03-06T17:15:05.318Z] INFO: API endpoint: http://localhost:5000/api/v1 
